2025-06-26 16:15:33,793 - INFO - Loaded TC_ROOT: D:\apps\siemens\tc_root
2025-06-26 16:15:33,793 - INFO - Loaded TC_DATA: D:\apps\siemens\tc_data
2025-06-26 16:15:33,794 - INFO - Executing command: D:\apps\siemens\tc_root\bin\preferences_manager.exe -u=infodba -pf=D:\apps\siemens\tc_root\security\config1_infodba.pwf -g=dba -mode=import -scope=SITE -action=OVERRIDE -file=preferences\preferences_1.xml
2025-06-26 16:15:33,795 - ERROR - Exception during execution for preferences_1.xml: [WinError 193] %1 is not a valid Win32 application
Traceback (most recent call last):
  File "C:\RecaroPythonProject\RecaroPOC\prefrencesDeploymentScript.py", line 108, in <module>
    result = subprocess.run(command, env=env_vars, capture_output=True, text=True)
  File "C:\Program Files\Python313\Lib\subprocess.py", line 554, in run
    with Popen(*popenargs, **kwargs) as process:
         ~~~~~^^^^^^^^^^^^^^^^^^^^^^
  File "C:\Program Files\Python313\Lib\subprocess.py", line 1039, in __init__
    self._execute_child(args, executable, preexec_fn, close_fds,
    ~~~~~~~~~~~~~~~~~~~^^^^^^^^^^^^^^^^^^^^^^^^^^^^^^^^^^^^^^^^^
                        pass_fds, cwd, env,
                        ^^^^^^^^^^^^^^^^^^^
    ...<5 lines>...
                        gid, gids, uid, umask,
                        ^^^^^^^^^^^^^^^^^^^^^^
                        start_new_session, process_group)
                        ^^^^^^^^^^^^^^^^^^^^^^^^^^^^^^^^^
  File "C:\Program Files\Python313\Lib\subprocess.py", line 1554, in _execute_child
    hp, ht, pid, tid = _winapi.CreateProcess(executable, args,
                       ~~~~~~~~~~~~~~~~~~~~~^^^^^^^^^^^^^^^^^^
                             # no special security
                             ^^^^^^^^^^^^^^^^^^^^^
    ...<4 lines>...
                             cwd,
                             ^^^^
                             startupinfo)
                             ^^^^^^^^^^^^
OSError: [WinError 193] %1 is not a valid Win32 application
2025-06-26 16:15:33,801 - INFO - Executing command: D:\apps\siemens\tc_root\bin\preferences_manager.exe -u=infodba -pf=D:\apps\siemens\tc_root\security\config1_infodba.pwf -g=dba -mode=import -scope=SITE -action=OVERRIDE -file=preferences\preferences_2.xml
2025-06-26 16:15:33,802 - ERROR - Exception during execution for preferences_2.xml: [WinError 193] %1 is not a valid Win32 application
Traceback (most recent call last):
  File "C:\RecaroPythonProject\RecaroPOC\prefrencesDeploymentScript.py", line 108, in <module>
    result = subprocess.run(command, env=env_vars, capture_output=True, text=True)
  File "C:\Program Files\Python313\Lib\subprocess.py", line 554, in run
    with Popen(*popenargs, **kwargs) as process:
         ~~~~~^^^^^^^^^^^^^^^^^^^^^^
  File "C:\Program Files\Python313\Lib\subprocess.py", line 1039, in __init__
    self._execute_child(args, executable, preexec_fn, close_fds,
    ~~~~~~~~~~~~~~~~~~~^^^^^^^^^^^^^^^^^^^^^^^^^^^^^^^^^^^^^^^^^
                        pass_fds, cwd, env,
                        ^^^^^^^^^^^^^^^^^^^
    ...<5 lines>...
                        gid, gids, uid, umask,
                        ^^^^^^^^^^^^^^^^^^^^^^
                        start_new_session, process_group)
                        ^^^^^^^^^^^^^^^^^^^^^^^^^^^^^^^^^
  File "C:\Program Files\Python313\Lib\subprocess.py", line 1554, in _execute_child
    hp, ht, pid, tid = _winapi.CreateProcess(executable, args,
                       ~~~~~~~~~~~~~~~~~~~~~^^^^^^^^^^^^^^^^^^
                             # no special security
                             ^^^^^^^^^^^^^^^^^^^^^
    ...<4 lines>...
                             cwd,
                             ^^^^
                             startupinfo)
                             ^^^^^^^^^^^^
OSError: [WinError 193] %1 is not a valid Win32 application
2025-06-26 16:15:33,803 - INFO - Executing command: D:\apps\siemens\tc_root\bin\preferences_manager.exe -u=infodba -pf=D:\apps\siemens\tc_root\security\config1_infodba.pwf -g=dba -mode=import -scope=SITE -action=OVERRIDE -file=preferences\preferences_override.xml
2025-06-26 16:15:33,803 - ERROR - Exception during execution for preferences_override.xml: [WinError 193] %1 is not a valid Win32 application
Traceback (most recent call last):
  File "C:\RecaroPythonProject\RecaroPOC\prefrencesDeploymentScript.py", line 108, in <module>
    result = subprocess.run(command, env=env_vars, capture_output=True, text=True)
  File "C:\Program Files\Python313\Lib\subprocess.py", line 554, in run
    with Popen(*popenargs, **kwargs) as process:
         ~~~~~^^^^^^^^^^^^^^^^^^^^^^
  File "C:\Program Files\Python313\Lib\subprocess.py", line 1039, in __init__
    self._execute_child(args, executable, preexec_fn, close_fds,
    ~~~~~~~~~~~~~~~~~~~^^^^^^^^^^^^^^^^^^^^^^^^^^^^^^^^^^^^^^^^^
                        pass_fds, cwd, env,
                        ^^^^^^^^^^^^^^^^^^^
    ...<5 lines>...
                        gid, gids, uid, umask,
                        ^^^^^^^^^^^^^^^^^^^^^^
                        start_new_session, process_group)
                        ^^^^^^^^^^^^^^^^^^^^^^^^^^^^^^^^^
  File "C:\Program Files\Python313\Lib\subprocess.py", line 1554, in _execute_child
    hp, ht, pid, tid = _winapi.CreateProcess(executable, args,
                       ~~~~~~~~~~~~~~~~~~~~~^^^^^^^^^^^^^^^^^^
                             # no special security
                             ^^^^^^^^^^^^^^^^^^^^^
    ...<4 lines>...
                             cwd,
                             ^^^^
                             startupinfo)
                             ^^^^^^^^^^^^
OSError: [WinError 193] %1 is not a valid Win32 application
